#
# A fatal error has been detected by the Java Runtime Environment:
#
#  EXCEPTION_ACCESS_VIOLATION (0xc0000005) at pc=0x00007ffe3b121661, pid=4916, tid=10100
#
# JRE version: Java(TM) SE Runtime Environment (16.0+36) (build 16+36-2231)
# Java VM: Java HotSpot(TM) 64-Bit Server VM (16+36-2231, mixed mode, sharing, tiered, compressed oops, g1 gc, windows-amd64)
# Problematic frame:
# C  [flatlaf-windows-x86_64-2551240762075000.dll+0x1661]
#
# No core dump will be written. Minidumps are not enabled by default on client versions of Windows
#
# If you would like to submit a bug report, please visit:
#   https://bugreport.java.com/bugreport/crash.jsp
# The crash happened outside the Java Virtual Machine in native code.
# See problematic frame for where to report the bug.
#

---------------  S U M M A R Y ------------

Command Line: com.inventory.CvInventoryApplication

Host: Intel(R) Core(TM) i5-8265U CPU @ 1.60GHz, 8 cores, 7G,  Windows 10 , 64 bit Build 19041 (10.0.19041.1151)
Time: Fri Aug 20 19:51:51 2021 Myanmar Standard Time elapsed time: 71.212422 seconds (0d 0h 1m 11s)

---------------  T H R E A D  ---------------

Current thread (0x00000220bf534010):  JavaThread "AWT-Windows" daemon [_thread_in_native, id=10100, stack(0x000000a73ad00000,0x000000a73ae00000)]

Stack: [0x000000a73ad00000,0x000000a73ae00000],  sp=0x000000a73adfec70,  free space=1019k
Native frames: (J=compiled Java code, j=interpreted, Vv=VM code, C=native code)
C  [flatlaf-windows-x86_64-2551240762075000.dll+0x1661]

Java frames: (J=compiled Java code, j=interpreted, Vv=VM code)
j  sun.awt.windows.WToolkit.eventLoop()V+0 java.desktop@16
j  sun.awt.windows.WToolkit.run()V+50 java.desktop@16
j  java.lang.Thread.run()V+11 java.base@16
v  ~StubRoutines::call_stub

siginfo: EXCEPTION_ACCESS_VIOLATION (0xc0000005), reading address 0x0000000000000020


Register to memory mapping:

RIP=0x00007ffe3b121661 flatlaf-windows-x86_64-2551240762075000.dll
RAX=0x0 is NULL
RBX=0x0000000000009803 is an unknown value
RCX=0x0 is NULL
RDX=0x00000000000d0aa2 is an unknown value
RSP=0x000000a73adfec70 is pointing into the stack for thread: 0x00000220bf534010
RBP=0x00000000000d0aa2 is an unknown value
RSI=0x0 is NULL
RDI=0x0 is NULL
R8 =0x0000000000009803 is an unknown value
R9 =0x0 is NULL
R10=0x00000220c08f0200 points into unknown readable memory: 0x0000000000050ca4 | a4 0c 05 00 00 00 00 00
R11=0x0000000000000100 is an unknown value
R12=0x0 is NULL
R13=0x0000000000009803 is an unknown value
R14=0x0 is NULL
R15=0x00000000001e01b4 is an unknown value


Registers:
RAX=0x0000000000000000, RBX=0x0000000000009803, RCX=0x0000000000000000, RDX=0x00000000000d0aa2
RSP=0x000000a73adfec70, RBP=0x00000000000d0aa2, RSI=0x0000000000000000, RDI=0x0000000000000000
R8 =0x0000000000009803, R9 =0x0000000000000000, R10=0x00000220c08f0200, R11=0x0000000000000100
R12=0x0000000000000000, R13=0x0000000000009803, R14=0x0000000000000000, R15=0x00000000001e01b4
RIP=0x00007ffe3b121661, EFLAGS=0x0000000000010202

Top of Stack: (sp=0x000000a73adfec70)
0x000000a73adfec70:   00000220bf535d90 0000000000000000
0x000000a73adfec80:   000000a73adfee70 00000220a7d41010
0x000000a73adfec90:   00000220c291a5b0 00007ffe3b1210c5
0x000000a73adfeca0:   0000000000000000 00000000002d0b4e
0x000000a73adfecb0:   0000000000000000 0000000000000000
0x000000a73adfecc0:   0000000000000000 00007ffe3b1213f4
0x000000a73adfecd0:   00000000001e01b4 00000000000d0aa2
0x000000a73adfece0:   0000000000009803 0000000000001334
0x000000a73adfecf0:   00000000001e01b4 0000000000000000
0x000000a73adfed00:   0000000080000022 00007ffe4594e858
0x000000a73adfed10:   0000000000000001 000000a73adfef00
0x000000a73adfed20:   0000000000000000 0000000000000000
0x000000a73adfed30:   000000a73bafd558 00007ffe1d033b16
0x000000a73adfed40:   0000000000000000 00007ffe1cf05b32
0x000000a73adfed50:   0000000000000000 0000000000000000
0x000000a73adfed60:   8000002200000000 0000000000000000 

Instructions: (pc=0x00007ffe3b121661)
0x00007ffe3b121561:   b9 5c 00 00 00 8b d8 ff 15 22 1b 00 00 8b d3 b9
0x00007ffe3b121571:   21 00 00 00 8b f8 ff 15 13 1b 00 00 03 f8 44 3b
0x00007ffe3b121581:   f7 7d 18 ba f0 ff ff ff 48 8b cd ff 15 3e 1b 00
0x00007ffe3b121591:   00 0f ba e0 12 73 04 b3 01 eb 02 32 db 48 8b 4e
0x00007ffe3b1215a1:   08 48 85 c9 75 32 48 8b 0e 48 8d 56 08 41 b8 02
0x00007ffe3b1215b1:   00 01 00 48 8b 01 ff 50 30 48 8b 4e 08 48 85 c9
0x00007ffe3b1215c1:   75 16 b8 01 00 00 00 84 db b9 0c 00 00 00 0f 45
0x00007ffe3b1215d1:   c1 48 98 e9 a0 00 00 00 4c 8b 05 28 2a 00 00 45
0x00007ffe3b1215e1:   8b cf 48 8b 56 10 0f b6 c3 89 44 24 28 44 89 74
0x00007ffe3b1215f1:   24 20 e8 58 fd ff ff 48 98 eb 7d 81 fb a5 00 00
0x00007ffe3b121601:   00 74 3f 81 fb 20 03 00 00 75 55 48 8b 49 08 48
0x00007ffe3b121611:   85 c9 75 1c 48 8b 0e 48 8d 56 08 41 b8 02 00 01
0x00007ffe3b121621:   00 48 8b 01 ff 50 30 48 8b 4e 08 48 85 c9 74 30
0x00007ffe3b121631:   4c 8b 05 e0 29 00 00 48 8b 56 10 e8 3f fd ff ff
0x00007ffe3b121641:   eb 1e 49 8d 41 fe 48 83 f8 01 77 14 49 8b c7 45
0x00007ffe3b121651:   0f bf c7 48 c1 e8 10 44 0f bf c8 e8 df 04 00 00
0x00007ffe3b121661:   48 8b 4e 20 44 8b c3 4c 89 7c 24 20 4c 8b cf 48
0x00007ffe3b121671:   8b d5 ff 15 47 1a 00 00 48 8b 5c 24 60 48 8b 6c
0x00007ffe3b121681:   24 68 48 8b 74 24 70 48 83 c4 40 41 5f 41 5e 5f
0x00007ffe3b121691:   c3 cc cc cc cc cc cc cc cc cc cc cc cc cc cc 48
0x00007ffe3b1216a1:   89 7c 24 18 4c 89 74 24 20 55 48 8d 6c 24 b1 48
0x00007ffe3b1216b1:   81 ec c0 00 00 00 48 8b f9 48 8b 49 20 4c 8b f2
0x00007ffe3b1216c1:   49 83 f9 01 74 14 48 8b 45 7f 48 89 44 24 20 ff
0x00007ffe3b1216d1:   15 ea 19 00 00 e9 da 01 00 00 48 89 9c 24 d0 00
0x00007ffe3b1216e1:   00 00 41 b9 01 00 00 00 48 8b 5d 7f 48 89 b4 24
0x00007ffe3b1216f1:   d8 00 00 00 48 89 5c 24 20 8b 73 04 ff 15 bd 19
0x00007ffe3b121701:   00 00 48 85 c0 0f 85 99 01 00 00 49 8b ce 89 73
0x00007ffe3b121711:   04 ff 15 90 19 00 00 85 c0 0f 84 83 01 00 00 48
0x00007ffe3b121721:   8b 4f 08 48 85 c9 75 1c 48 8b 0f 48 8d 57 08 41
0x00007ffe3b121731:   b8 02 00 01 00 48 8b 01 ff 50 30 48 8b 4f 08 48
0x00007ffe3b121741:   85 c9 74 1b 4c 8b 05 c4 28 00 00 48 8b 57 10 e8
0x00007ffe3b121751:   cb fb ff ff 0f b6 c0 85 c0 0f 85 43 01 00 00 48 


Stack slot to memory mapping:
stack at sp + 0 slots: 0x00000220bf535d90 points into unknown readable memory: 0x0000000000000000 | 00 00 00 00 00 00 00 00
stack at sp + 1 slots: 0x0 is NULL
stack at sp + 2 slots: 0x000000a73adfee70 is pointing into the stack for thread: 0x00000220bf534010
stack at sp + 3 slots: 0x00000220a7d41010 is at begin+185 in a stub
StubRoutines::call_stub [0x00000220a7d40f57, 0x00000220a7d410c4] (365 bytes)
stack at sp + 4 slots: 0x00000220c291a5b0 points into unknown readable memory: 0x000000140000000f | 0f 00 00 00 14 00 00 00
stack at sp + 5 slots: 0x00007ffe3b1210c5 flatlaf-windows-x86_64-2551240762075000.dll
stack at sp + 6 slots: 0x0 is NULL
stack at sp + 7 slots: 0x00000000002d0b4e is an unknown value


---------------  P R O C E S S  ---------------

Threads class SMR info:
_java_thread_list=0x00000220c2f444e0, length=26, elements={
0x00000220a05d5680, 0x00000220be479960, 0x00000220be47a820, 0x00000220be490100,
0x00000220be491d10, 0x00000220be494e30, 0x00000220be49a060, 0x00000220be49bbd0,
0x00000220be49ff20, 0x00000220be4ab9d0, 0x00000220bf0b8b40, 0x00000220bf0c0a90,
0x00000220bf504010, 0x00000220bf534010, 0x00000220c07a9260, 0x00000220c27dfc30,
0x00000220c2953070, 0x00000220c2954060, 0x00000220c27dda80, 0x00000220c27d9570,
0x00000220c27ddfd0, 0x00000220c27dc540, 0x00000220c27dd530, 0x00000220c27da010,
0x00000220c27dca90, 0x00000220c27dcfe0
}

Java Threads: ( => current thread )
  0x00000220a05d5680 JavaThread "main" [_thread_blocked, id=14984, stack(0x000000a739700000,0x000000a739800000)]
  0x00000220be479960 JavaThread "Reference Handler" daemon [_thread_blocked, id=15700, stack(0x000000a739e00000,0x000000a739f00000)]
  0x00000220be47a820 JavaThread "Finalizer" daemon [_thread_blocked, id=18204, stack(0x000000a739f00000,0x000000a73a000000)]
  0x00000220be490100 JavaThread "Signal Dispatcher" daemon [_thread_blocked, id=10804, stack(0x000000a73a000000,0x000000a73a100000)]
  0x00000220be491d10 JavaThread "Attach Listener" daemon [_thread_blocked, id=19416, stack(0x000000a73a100000,0x000000a73a200000)]
  0x00000220be494e30 JavaThread "Service Thread" daemon [_thread_blocked, id=8648, stack(0x000000a73a200000,0x000000a73a300000)]
  0x00000220be49a060 JavaThread "Monitor Deflation Thread" daemon [_thread_blocked, id=948, stack(0x000000a73a300000,0x000000a73a400000)]
  0x00000220be49bbd0 JavaThread "C2 CompilerThread0" daemon [_thread_blocked, id=2760, stack(0x000000a73a400000,0x000000a73a500000)]
  0x00000220be49ff20 JavaThread "C1 CompilerThread0" daemon [_thread_blocked, id=10136, stack(0x000000a73a500000,0x000000a73a600000)]
  0x00000220be4ab9d0 JavaThread "Sweeper thread" daemon [_thread_blocked, id=14352, stack(0x000000a73a600000,0x000000a73a700000)]
  0x00000220bf0b8b40 JavaThread "Notification Thread" daemon [_thread_blocked, id=10780, stack(0x000000a73a700000,0x000000a73a800000)]
  0x00000220bf0c0a90 JavaThread "Common-Cleaner" daemon [_thread_blocked, id=12648, stack(0x000000a73a900000,0x000000a73aa00000)]
  0x00000220bf504010 JavaThread "Java2D Disposer" daemon [_thread_blocked, id=9916, stack(0x000000a73ab00000,0x000000a73ac00000)]
=>0x00000220bf534010 JavaThread "AWT-Windows" daemon [_thread_in_native, id=10100, stack(0x000000a73ad00000,0x000000a73ae00000)]
  0x00000220c07a9260 JavaThread "AWT-Shutdown" [_thread_blocked, id=2516, stack(0x000000a73b700000,0x000000a73b800000)]
  0x00000220c27dfc30 JavaThread "AWT-EventQueue-0" [_thread_in_native, id=10836, stack(0x000000a73ba00000,0x000000a73bb00000)]
  0x00000220c2953070 JavaThread "TimerQueue" daemon [_thread_blocked, id=14608, stack(0x000000a73be00000,0x000000a73bf00000)]
  0x00000220c2954060 JavaThread "reactor-http-nio-1" daemon [_thread_in_native, id=16824, stack(0x000000a73bf00000,0x000000a73c000000)]
  0x00000220c27dda80 JavaThread "reactor-http-nio-2" daemon [_thread_in_native, id=3836, stack(0x000000a73c000000,0x000000a73c100000)]
  0x00000220c27d9570 JavaThread "reactor-http-nio-3" daemon [_thread_in_native, id=6476, stack(0x000000a73c100000,0x000000a73c200000)]
  0x00000220c27ddfd0 JavaThread "reactor-http-nio-4" daemon [_thread_in_native, id=920, stack(0x000000a73c200000,0x000000a73c300000)]
  0x00000220c27dc540 JavaThread "reactor-http-nio-5" daemon [_thread_in_native, id=11228, stack(0x000000a73c300000,0x000000a73c400000)]
  0x00000220c27dd530 JavaThread "reactor-http-nio-6" daemon [_thread_in_native, id=19280, stack(0x000000a73c400000,0x000000a73c500000)]
  0x00000220c27da010 JavaThread "reactor-http-nio-7" daemon [_thread_in_native, id=8416, stack(0x000000a73c500000,0x000000a73c600000)]
  0x00000220c27dca90 JavaThread "reactor-http-nio-8" daemon [_thread_in_native, id=7172, stack(0x000000a73c600000,0x000000a73c700000)]
  0x00000220c27dcfe0 JavaThread "Thread-10" daemon [_thread_in_native, id=19008, stack(0x000000a73c700000,0x000000a73c800000)]

Other Threads:
  0x00000220be475d10 VMThread "VM Thread" [stack: 0x000000a739d00000,0x000000a739e00000] [id=18772]
  0x00000220bf0bc0c0 WatcherThread [stack: 0x000000a73a800000,0x000000a73a900000] [id=11740]
  0x00000220a0613770 GCTaskThread "GC Thread#0" [stack: 0x000000a739800000,0x000000a739900000] [id=14168]
  0x00000220bfa6aad0 GCTaskThread "GC Thread#1" [stack: 0x000000a73ae00000,0x000000a73af00000] [id=17936]
  0x00000220bfa6ade0 GCTaskThread "GC Thread#2" [stack: 0x000000a73af00000,0x000000a73b000000] [id=3424]
  0x00000220bfa3a840 GCTaskThread "GC Thread#3" [stack: 0x000000a73b000000,0x000000a73b100000] [id=10872]
  0x00000220c04fd6d0 GCTaskThread "GC Thread#4" [stack: 0x000000a73b100000,0x000000a73b200000] [id=17992]
  0x00000220c04f7d10 GCTaskThread "GC Thread#5" [stack: 0x000000a73b200000,0x000000a73b300000] [id=1252]
  0x00000220bf8539f0 GCTaskThread "GC Thread#6" [stack: 0x000000a73b300000,0x000000a73b400000] [id=10088]
  0x00000220bf774340 GCTaskThread "GC Thread#7" [stack: 0x000000a73b400000,0x000000a73b500000] [id=7248]
  0x00000220a06241f0 ConcurrentGCThread "G1 Main Marker" [stack: 0x000000a739900000,0x000000a739a00000] [id=15296]
  0x00000220a0625c70 ConcurrentGCThread "G1 Conc#0" [stack: 0x000000a739a00000,0x000000a739b00000] [id=15136]
  0x00000220c2be8250 ConcurrentGCThread "G1 Conc#1" [stack: 0x000000a73ac00000,0x000000a73ad00000] [id=17796]
  0x00000220be330090 ConcurrentGCThread "G1 Refine#0" [stack: 0x000000a739b00000,0x000000a739c00000] [id=5492]
  0x00000220bfa3ab50 ConcurrentGCThread "G1 Refine#1" [stack: 0x000000a73b500000,0x000000a73b600000] [id=4396]
  0x00000220bf368370 ConcurrentGCThread "G1 Refine#2" [stack: 0x000000a73b600000,0x000000a73b700000] [id=9572]
  0x00000220be330920 ConcurrentGCThread "G1 Service" [stack: 0x000000a739c00000,0x000000a739d00000] [id=1552]

Threads with active compile tasks:

VM state: not at safepoint (normal execution)

VM Mutex/Monitor currently owned by a thread: None

Heap address: 0x0000000083600000, size: 1994 MB, Compressed Oops mode: 32-bit
CDS archive(s) mapped at: [0x0000000800000000-0x0000000800bb0000-0x0000000800bb0000), size 12255232, SharedBaseAddress: 0x0000000800000000, ArchiveRelocationMode: 0.
Compressed class space mapped at: 0x0000000800c00000-0x0000000840c00000, reserved size: 1073741824
Narrow klass base: 0x0000000800000000, Narrow klass shift: 3, Narrow klass range: 0x100000000

GC Precious Log:
 CPUs: 8 total, 8 available
 Memory: 7973M
 Large Page Support: Disabled
 NUMA Support: Disabled
 Compressed Oops: Enabled (32-bit)
 Heap Region Size: 1M
 Heap Min Capacity: 8M
 Heap Initial Capacity: 126M
 Heap Max Capacity: 1994M
 Pre-touch: Disabled
 Parallel Workers: 8
 Concurrent Workers: 2
 Concurrent Refinement Workers: 8
 Periodic GC: Disabled

Heap:
 garbage-first heap   total 45056K, used 25899K [0x0000000083600000, 0x0000000100000000)
  region size 1024K, 12 young (12288K), 2 survivors (2048K)
 Metaspace       used 42340K, committed 42816K, reserved 1089536K
  class space    used 5321K, committed 5568K, reserved 1048576K

Heap Regions: E=young(eden), S=young(survivor), O=old, HS=humongous(starts), HC=humongous(continues), CS=collection set, F=free, OA=open archive, CA=closed archive, TAMS=top-at-mark-start (previous, next)
|   0|0x0000000083600000, 0x0000000083700000, 0x0000000083700000|100%| O|  |TAMS 0x0000000083700000, 0x0000000083600000| Untracked 
|   1|0x0000000083700000, 0x0000000083800000, 0x0000000083800000|100%| O|  |TAMS 0x0000000083800000, 0x0000000083700000| Untracked 
|   2|0x0000000083800000, 0x0000000083900000, 0x0000000083900000|100%| O|  |TAMS 0x0000000083900000, 0x0000000083800000| Untracked 
|   3|0x0000000083900000, 0x0000000083a00000, 0x0000000083a00000|100%| O|  |TAMS 0x0000000083a00000, 0x0000000083900000| Untracked 
|   4|0x0000000083a00000, 0x0000000083b00000, 0x0000000083b00000|100%| O|  |TAMS 0x0000000083b00000, 0x0000000083a00000| Untracked 
|   5|0x0000000083b00000, 0x0000000083b86600, 0x0000000083c00000| 52%| O|  |TAMS 0x0000000083b86600, 0x0000000083b00000| Untracked 
|   6|0x0000000083c00000, 0x0000000083d00000, 0x0000000083d00000|100%| O|  |TAMS 0x0000000083d00000, 0x0000000083c00000| Untracked 
|   7|0x0000000083d00000, 0x0000000083e00000, 0x0000000083e00000|100%| O|  |TAMS 0x0000000083e00000, 0x0000000083d00000| Untracked 
|   8|0x0000000083e00000, 0x0000000083f00000, 0x0000000083f00000|100%| O|  |TAMS 0x0000000083f00000, 0x0000000083e00000| Untracked 
|   9|0x0000000083f00000, 0x0000000084000000, 0x0000000084000000|100%| O|  |TAMS 0x0000000084000000, 0x0000000083f00000| Untracked 
|  10|0x0000000084000000, 0x0000000084100000, 0x0000000084100000|100%| O|  |TAMS 0x0000000084100000, 0x0000000084000000| Untracked 
|  11|0x0000000084100000, 0x0000000084200000, 0x0000000084200000|100%| O|  |TAMS 0x0000000084200000, 0x0000000084100000| Untracked 
|  12|0x0000000084200000, 0x0000000084300000, 0x0000000084300000|100%| O|  |TAMS 0x0000000084254000, 0x0000000084200000| Untracked 
|  13|0x0000000084300000, 0x0000000084400000, 0x0000000084400000|100%| O|  |TAMS 0x0000000084300000, 0x0000000084300000| Untracked 
|  14|0x0000000084400000, 0x0000000084500000, 0x0000000084500000|100%| O|  |TAMS 0x0000000084400000, 0x0000000084400000| Untracked 
|  15|0x0000000084500000, 0x00000000845c4800, 0x0000000084600000| 76%| O|  |TAMS 0x0000000084500000, 0x0000000084500000| Untracked 
|  16|0x0000000084600000, 0x0000000084600000, 0x0000000084700000|  0%| F|  |TAMS 0x0000000084600000, 0x0000000084600000| Untracked 
|  17|0x0000000084700000, 0x0000000084700000, 0x0000000084800000|  0%| F|  |TAMS 0x0000000084700000, 0x0000000084700000| Untracked 
|  18|0x0000000084800000, 0x0000000084800000, 0x0000000084900000|  0%| F|  |TAMS 0x0000000084800000, 0x0000000084800000| Untracked 
|  19|0x0000000084900000, 0x0000000084900000, 0x0000000084a00000|  0%| F|  |TAMS 0x0000000084900000, 0x0000000084900000| Untracked 
|  20|0x0000000084a00000, 0x0000000084a00000, 0x0000000084b00000|  0%| F|  |TAMS 0x0000000084a00000, 0x0000000084a00000| Untracked 
|  21|0x0000000084b00000, 0x0000000084b00000, 0x0000000084c00000|  0%| F|  |TAMS 0x0000000084b00000, 0x0000000084b00000| Untracked 
|  22|0x0000000084c00000, 0x0000000084c00000, 0x0000000084d00000|  0%| F|  |TAMS 0x0000000084c00000, 0x0000000084c00000| Untracked 
|  23|0x0000000084d00000, 0x0000000084d00000, 0x0000000084e00000|  0%| F|  |TAMS 0x0000000084d00000, 0x0000000084d00000| Untracked 
|  24|0x0000000084e00000, 0x0000000084e00000, 0x0000000084f00000|  0%| F|  |TAMS 0x0000000084e00000, 0x0000000084e00000| Untracked 
|  25|0x0000000084f00000, 0x0000000084f00000, 0x0000000085000000|  0%| F|  |TAMS 0x0000000084f00000, 0x0000000084f00000| Untracked 
|  26|0x0000000085000000, 0x0000000085100000, 0x0000000085100000|100%| S|CS|TAMS 0x0000000085000000, 0x0000000085000000| Complete 
|  27|0x0000000085100000, 0x0000000085200000, 0x0000000085200000|100%| S|CS|TAMS 0x0000000085100000, 0x0000000085100000| Complete 
|  28|0x0000000085200000, 0x0000000085200000, 0x0000000085300000|  0%| F|  |TAMS 0x0000000085200000, 0x0000000085200000| Untracked 
|  29|0x0000000085300000, 0x0000000085300000, 0x0000000085400000|  0%| F|  |TAMS 0x0000000085300000, 0x0000000085300000| Untracked 
|  30|0x0000000085400000, 0x0000000085400000, 0x0000000085500000|  0%| F|  |TAMS 0x0000000085400000, 0x0000000085400000| Untracked 
|  31|0x0000000085500000, 0x0000000085500000, 0x0000000085600000|  0%| F|  |TAMS 0x0000000085500000, 0x0000000085500000| Untracked 
|  32|0x0000000085600000, 0x0000000085600000, 0x0000000085700000|  0%| F|  |TAMS 0x0000000085600000, 0x0000000085600000| Untracked 
|  33|0x0000000085700000, 0x0000000085700000, 0x0000000085800000|  0%| F|  |TAMS 0x0000000085700000, 0x0000000085700000| Untracked 
|  34|0x0000000085800000, 0x00000000858db668, 0x0000000085900000| 85%| E|  |TAMS 0x0000000085800000, 0x0000000085800000| Complete 
|  35|0x0000000085900000, 0x0000000085a00000, 0x0000000085a00000|100%| E|CS|TAMS 0x0000000085900000, 0x0000000085900000| Complete 
|  36|0x0000000085a00000, 0x0000000085b00000, 0x0000000085b00000|100%| E|CS|TAMS 0x0000000085a00000, 0x0000000085a00000| Complete 
|  37|0x0000000085b00000, 0x0000000085c00000, 0x0000000085c00000|100%| E|CS|TAMS 0x0000000085b00000, 0x0000000085b00000| Complete 
|  38|0x0000000085c00000, 0x0000000085d00000, 0x0000000085d00000|100%| E|CS|TAMS 0x0000000085c00000, 0x0000000085c00000| Complete 
|  83|0x0000000088900000, 0x0000000088a00000, 0x0000000088a00000|100%| E|CS|TAMS 0x0000000088900000, 0x0000000088900000| Complete 
|  84|0x0000000088a00000, 0x0000000088b00000, 0x0000000088b00000|100%| E|CS|TAMS 0x0000000088a00000, 0x0000000088a00000| Complete 
|  85|0x0000000088b00000, 0x0000000088c00000, 0x0000000088c00000|100%| E|CS|TAMS 0x0000000088b00000, 0x0000000088b00000| Complete 
|  86|0x0000000088c00000, 0x0000000088cffe98, 0x0000000088d00000| 99%| E|  |TAMS 0x0000000088c00000, 0x0000000088c00000| Complete 
| 125|0x000000008b300000, 0x000000008b400000, 0x000000008b400000|100%| E|CS|TAMS 0x000000008b300000, 0x000000008b300000| Complete 

Card table byte_map: [0x00000220b7460000,0x00000220b7850000] _byte_map_base: 0x00000220b7045000

Marking Bits (Prev, Next): (CMBitMap*) 0x00000220a0613e60, (CMBitMap*) 0x00000220a0613ea0
 Prev Bits: [0x00000220b7c40000, 0x00000220b9b68000)
 Next Bits: [0x00000220b9b70000, 0x00000220bba98000)

Polling page: 0x000002209e410000

Metaspace:

Usage:
  Non-class:     36.15 MB used.
      Class:      5.20 MB used.
       Both:     41.35 MB used.

Virtual space:
  Non-class space:       40.00 MB reserved,      36.38 MB ( 91%) committed,  5 nodes.
      Class space:        1.00 GB reserved,       5.44 MB ( <1%) committed,  1 nodes.
              Both:        1.04 GB reserved,      41.81 MB (  4%) committed. 

Chunk freelists:
   Non-Class:  2.98 MB
       Class:  2.50 MB
        Both:  5.48 MB

MaxMetaspaceSize: 17179869184.00 GB
CompressedClassSpaceSize: 1.00 GB
 - commit_granule_bytes: 65536.
 - commit_granule_words: 8192.
 - virtual_space_node_default_size: 1048576.
 - enlarge_chunks_in_place: 1.
 - new_chunks_are_fully_committed: 0.
 - uncommit_free_chunks: 1.
 - use_allocation_guard: 0.
 - handle_deallocations: 1.


Internal statistics:

num_allocs_failed_limit: 6.
num_arena_births: 494.
num_arena_deaths: 0.
num_vsnodes_births: 6.
num_vsnodes_deaths: 0.
num_space_committed: 669.
num_space_uncommitted: 0.
num_chunks_returned_to_freelist: 6.
num_chunks_taken_from_freelist: 1668.
num_chunk_merges: 6.
num_chunk_splits: 1095.
num_chunks_enlarged: 796.
num_purges: 0.

CodeHeap 'non-profiled nmethods': size=120000Kb used=2872Kb max_used=2872Kb free=117127Kb
 bounds [0x00000220af810000, 0x00000220afae0000, 0x00000220b6d40000]
CodeHeap 'profiled nmethods': size=120000Kb used=10854Kb max_used=10854Kb free=109145Kb
 bounds [0x00000220a82e0000, 0x00000220a8d80000, 0x00000220af810000]
CodeHeap 'non-nmethods': size=5760Kb used=1434Kb max_used=1497Kb free=4325Kb
 bounds [0x00000220a7d40000, 0x00000220a7fb0000, 0x00000220a82e0000]
 total_blobs=6073 nmethods=5281 adapters=704
 compilation: enabled
              stopped_count=0, restarted_count=0
 full_count=0

Compilation events (20 events):
Event: 70.864 Thread 0x00000220be49ff20 5275       3       java.awt.Container::getMouseEventTarget (50 bytes)
Event: 70.864 Thread 0x00000220be49ff20 nmethod 5275 0x00000220a8d73c10 code [0x00000220a8d73dc0, 0x00000220a8d74098]
Event: 71.065 Thread 0x00000220be49ff20 5277       3       java.awt.event.InputEvent::getModifiers (8 bytes)
Event: 71.065 Thread 0x00000220be49ff20 nmethod 5277 0x00000220a8d74190 code [0x00000220a8d74320, 0x00000220a8d74438]
Event: 71.065 Thread 0x00000220be49ff20 5278       3       java.awt.geom.Path2D$Float::needRoom (72 bytes)
Event: 71.066 Thread 0x00000220be49ff20 nmethod 5278 0x00000220a8d74510 code [0x00000220a8d74700, 0x00000220a8d74ac8]
Event: 71.066 Thread 0x00000220be49ff20 5279       3       java.awt.geom.Path2D$Iterator::next (35 bytes)
Event: 71.066 Thread 0x00000220be49ff20 nmethod 5279 0x00000220a8d74c10 code [0x00000220a8d74dc0, 0x00000220a8d74f38]
Event: 71.088 Thread 0x00000220be49bbd0 5280       4       java.awt.event.InvocationEvent::<init> (52 bytes)
Event: 71.094 Thread 0x00000220be49bbd0 nmethod 5280 0x00000220afadd790 code [0x00000220afadd940, 0x00000220afade158]
Event: 71.189 Thread 0x00000220be49ff20 5281       3       java.awt.Container::containsFocus (13 bytes)
Event: 71.190 Thread 0x00000220be49ff20 nmethod 5281 0x00000220a8d75090 code [0x00000220a8d75260, 0x00000220a8d75518]
Event: 71.198 Thread 0x00000220be49ff20 5282   !   3       java.awt.Container::mixOnHiding (56 bytes)
Event: 71.199 Thread 0x00000220be49ff20 nmethod 5282 0x00000220a8d75690 code [0x00000220a8d758c0, 0x00000220a8d75f48]
Event: 71.199 Thread 0x00000220be49ff20 5284   !   3       java.awt.KeyboardFocusManager::clearMostRecentFocusOwner (110 bytes)
Event: 71.200 Thread 0x00000220be49ff20 nmethod 5284 0x00000220a8d76290 code [0x00000220a8d76560, 0x00000220a8d77a88]
Event: 71.200 Thread 0x00000220be49ff20 5283   !   3       java.awt.Component::mixOnHiding (61 bytes)
Event: 71.201 Thread 0x00000220be49ff20 nmethod 5283 0x00000220a8d78090 code [0x00000220a8d782c0, 0x00000220a8d789e8]
Event: 71.203 Thread 0x00000220be49ff20 5285       3       java.util.LinkedList::checkPositionIndex (22 bytes)
Event: 71.204 Thread 0x00000220be49ff20 nmethod 5285 0x00000220a8d78d10 code [0x00000220a8d78f60, 0x00000220a8d796a8]

GC Heap History (14 events):
Event: 0.572 GC heap before
{Heap before GC invocations=0 (full 0):
 garbage-first heap   total 129024K, used 22528K [0x0000000083600000, 0x0000000100000000)
  region size 1024K, 23 young (23552K), 0 survivors (0K)
 Metaspace       used 9562K, committed 9856K, reserved 1064960K
  class space    used 1060K, committed 1216K, reserved 1048576K
}
Event: 0.577 GC heap after
{Heap after GC invocations=1 (full 0):
 garbage-first heap   total 129024K, used 5613K [0x0000000083600000, 0x0000000100000000)
  region size 1024K, 3 young (3072K), 3 survivors (3072K)
 Metaspace       used 9562K, committed 9856K, reserved 1064960K
  class space    used 1060K, committed 1216K, reserved 1048576K
}
Event: 0.866 GC heap before
{Heap before GC invocations=1 (full 0):
 garbage-first heap   total 129024K, used 34285K [0x0000000083600000, 0x0000000100000000)
  region size 1024K, 31 young (31744K), 3 survivors (3072K)
 Metaspace       used 16822K, committed 17088K, reserved 1064960K
  class space    used 1972K, committed 2112K, reserved 1048576K
}
Event: 0.870 GC heap after
{Heap after GC invocations=2 (full 0):
 garbage-first heap   total 129024K, used 7244K [0x0000000083600000, 0x0000000100000000)
  region size 1024K, 2 young (2048K), 2 survivors (2048K)
 Metaspace       used 16822K, committed 17088K, reserved 1064960K
  class space    used 1972K, committed 2112K, reserved 1048576K
}
Event: 1.427 GC heap before
{Heap before GC invocations=2 (full 0):
 garbage-first heap   total 129024K, used 44108K [0x0000000083600000, 0x0000000100000000)
  region size 1024K, 39 young (39936K), 2 survivors (2048K)
 Metaspace       used 21020K, committed 21248K, reserved 1073152K
  class space    used 2500K, committed 2624K, reserved 1048576K
}
Event: 1.431 GC heap after
{Heap after GC invocations=3 (full 0):
 garbage-first heap   total 129024K, used 8802K [0x0000000083600000, 0x0000000100000000)
  region size 1024K, 4 young (4096K), 4 survivors (4096K)
 Metaspace       used 21020K, committed 21248K, reserved 1073152K
  class space    used 2500K, committed 2624K, reserved 1048576K
}
Event: 2.221 GC heap before
{Heap before GC invocations=4 (full 0):
 garbage-first heap   total 37888K, used 36450K [0x0000000083600000, 0x0000000100000000)
  region size 1024K, 31 young (31744K), 4 survivors (4096K)
 Metaspace       used 32668K, committed 32960K, reserved 1081344K
  class space    used 4029K, committed 4160K, reserved 1048576K
}
Event: 2.227 GC heap after
{Heap after GC invocations=5 (full 0):
 garbage-first heap   total 45056K, used 12420K [0x0000000083600000, 0x0000000100000000)
  region size 1024K, 7 young (7168K), 7 survivors (7168K)
 Metaspace       used 32668K, committed 32960K, reserved 1081344K
  class space    used 4029K, committed 4160K, reserved 1048576K
}
Event: 2.682 GC heap before
{Heap before GC invocations=5 (full 0):
 garbage-first heap   total 45056K, used 30852K [0x0000000083600000, 0x0000000100000000)
  region size 1024K, 25 young (25600K), 7 survivors (7168K)
 Metaspace       used 34347K, committed 34624K, reserved 1081344K
  class space    used 4204K, committed 4352K, reserved 1048576K
}
Event: 2.689 GC heap after
{Heap after GC invocations=6 (full 0):
 garbage-first heap   total 45056K, used 15209K [0x0000000083600000, 0x0000000100000000)
  region size 1024K, 3 young (3072K), 3 survivors (3072K)
 Metaspace       used 34347K, committed 34624K, reserved 1081344K
  class space    used 4204K, committed 4352K, reserved 1048576K
}
Event: 2.810 GC heap before
{Heap before GC invocations=6 (full 0):
 garbage-first heap   total 45056K, used 22377K [0x0000000083600000, 0x0000000100000000)
  region size 1024K, 11 young (11264K), 3 survivors (3072K)
 Metaspace       used 35191K, committed 35520K, reserved 1081344K
  class space    used 4333K, committed 4480K, reserved 1048576K
}
Event: 2.813 GC heap after
{Heap after GC invocations=7 (full 0):
 garbage-first heap   total 45056K, used 15935K [0x0000000083600000, 0x0000000100000000)
  region size 1024K, 1 young (1024K), 1 survivors (1024K)
 Metaspace       used 35191K, committed 35520K, reserved 1081344K
  class space    used 4333K, committed 4480K, reserved 1048576K
}
Event: 3.142 GC heap before
{Heap before GC invocations=8 (full 0):
 garbage-first heap   total 45056K, used 31295K [0x0000000083600000, 0x0000000100000000)
  region size 1024K, 16 young (16384K), 1 survivors (1024K)
 Metaspace       used 39964K, committed 40320K, reserved 1089536K
  class space    used 5031K, committed 5184K, reserved 1048576K
}
Event: 3.146 GC heap after
{Heap after GC invocations=9 (full 0):
 garbage-first heap   total 45056K, used 17707K [0x0000000083600000, 0x0000000100000000)
  region size 1024K, 2 young (2048K), 2 survivors (2048K)
 Metaspace       used 39964K, committed 40320K, reserved 1089536K
  class space    used 5031K, committed 5184K, reserved 1048576K
}

Deoptimization events (20 events):
Event: 68.757 Thread 0x00000220c27dfc30 Uncommon trap: trap_request=0xffffff45 fr.pc=0x00000220afa52e58 relative=0x00000000000029f8
Event: 68.757 Thread 0x00000220c27dfc30 Uncommon trap: reason=unstable_if action=reinterpret pc=0x00000220afa52e58 method=javax.swing.JComponent.putClientProperty(Ljava/lang/Object;Ljava/lang/Object;)V @ 70 c2
Event: 68.757 Thread 0x00000220c27dfc30 DEOPT PACKING pc=0x00000220afa52e58 sp=0x000000a73bafdfd0
Event: 68.757 Thread 0x00000220c27dfc30 DEOPT UNPACKING pc=0x00000220a7d8d72e sp=0x000000a73bafdfd8 mode 2
Event: 68.758 Thread 0x00000220c27dfc30 Uncommon trap: trap_request=0xffffff45 fr.pc=0x00000220afac92e0 relative=0x00000000000006c0
Event: 68.758 Thread 0x00000220c27dfc30 Uncommon trap: reason=unstable_if action=reinterpret pc=0x00000220afac92e0 method=javax.swing.RepaintManager.addDirtyRegion0(Ljava/awt/Container;IIII)V @ 69 c2
Event: 68.758 Thread 0x00000220c27dfc30 DEOPT PACKING pc=0x00000220afac92e0 sp=0x000000a73bafe290
Event: 68.758 Thread 0x00000220c27dfc30 DEOPT UNPACKING pc=0x00000220a7d8d72e sp=0x000000a73bafe238 mode 2
Event: 68.759 Thread 0x00000220c27dda80 Uncommon trap: trap_request=0xffffffde fr.pc=0x00000220afad1f5c relative=0x00000000000006fc
Event: 68.759 Thread 0x00000220c27dda80 Uncommon trap: reason=class_check action=maybe_recompile pc=0x00000220afad1f5c method=java.util.HashMap.removeNode(ILjava/lang/Object;Ljava/lang/Object;ZZ)Ljava/util/HashMap$Node; @ 68 c2
Event: 68.759 Thread 0x00000220c27dda80 DEOPT PACKING pc=0x00000220afad1f5c sp=0x000000a73c0feaa0
Event: 68.759 Thread 0x00000220c27dda80 DEOPT UNPACKING pc=0x00000220a7d8d72e sp=0x000000a73c0fea38 mode 2
Event: 68.784 Thread 0x00000220c2953070 Uncommon trap: trap_request=0xffffff45 fr.pc=0x00000220afacbec8 relative=0x00000000000005a8
Event: 68.784 Thread 0x00000220c2953070 Uncommon trap: reason=unstable_if action=reinterpret pc=0x00000220afacbec8 method=java.util.concurrent.locks.AbstractQueuedSynchronizer$ConditionObject.awaitNanos(J)J @ 61 c2
Event: 68.784 Thread 0x00000220c2953070 DEOPT PACKING pc=0x00000220afacbec8 sp=0x000000a73befee20
Event: 68.784 Thread 0x00000220c2953070 DEOPT UNPACKING pc=0x00000220a7d8d72e sp=0x000000a73befeda8 mode 2
Event: 71.198 Thread 0x00000220c27dfc30 Uncommon trap: trap_request=0xffffff45 fr.pc=0x00000220afacec8c relative=0x0000000000001acc
Event: 71.198 Thread 0x00000220c27dfc30 Uncommon trap: reason=unstable_if action=reinterpret pc=0x00000220afacec8c method=java.awt.EventQueue.getPriority(Ljava/awt/AWTEvent;)I @ 22 c2
Event: 71.198 Thread 0x00000220c27dfc30 DEOPT PACKING pc=0x00000220afacec8c sp=0x000000a73bafdad0
Event: 71.198 Thread 0x00000220c27dfc30 DEOPT UNPACKING pc=0x00000220a7d8d72e sp=0x000000a73bafda50 mode 2

Classes unloaded (0 events):
No events

Classes redefined (0 events):
No events

Internal exceptions (20 events):
Event: 3.012 Thread 0x00000220a05d5680 Exception <a 'java/lang/UnsatisfiedLinkError'{0x0000000085a53fd8}: 'int io.netty.channel.epoll.Native.offsetofEpollData()'> (0x0000000085a53fd8) 
thrown [t:\workspace\open\src\hotspot\share\prims\nativeLookup.cpp, line 541]
Event: 3.012 Thread 0x00000220a05d5680 Exception <a 'java/lang/ExceptionInInitializerError'{0x0000000085a54d78}> (0x0000000085a54d78) 
thrown [t:\workspace\open\src\hotspot\share\oops\instanceKlass.cpp, line 1213]
Event: 3.062 Thread 0x00000220a05d5680 Exception <a 'java/io/FileNotFoundException'{0x0000000085651a28}> (0x0000000085651a28) 
thrown [t:\workspace\open\src\hotspot\share\prims\jni.cpp, line 579]
Event: 3.074 Thread 0x00000220a05d5680 Exception <a 'java/io/FileNotFoundException'{0x000000008553e940}> (0x000000008553e940) 
thrown [t:\workspace\open\src\hotspot\share\prims\jni.cpp, line 579]
Event: 3.084 Thread 0x00000220a05d5680 Exception <a 'java/lang/NoSuchMethodError'{0x0000000085577bb0}: 'void java.lang.invoke.DirectMethodHandle$Holder.invokeSpecial(java.lang.Object, java.lang.Object, java.lang.Object, java.lang.Object, java.lang.Object, java.lang.Object, java.lang.Object)'> (0x0000000085577bb0) 
thrown [t:\workspace\open\src\hotspot\share\interpreter\linkResolver.cpp, line 790]
Event: 3.098 Thread 0x00000220a05d5680 Exception <a 'java/lang/NoSuchMethodError'{0x0000000085490978}: 'java.lang.Object java.lang.invoke.DirectMethodHandle$Holder.invokeSpecial(java.lang.Object, java.lang.Object, java.lang.Object, long, java.lang.Object)'> (0x0000000085490978) 
thrown [t:\workspace\open\src\hotspot\share\interpreter\linkResolver.cpp, line 790]
Event: 3.098 Thread 0x00000220a05d5680 Exception <a 'java/lang/NoSuchMethodError'{0x0000000085494740}: 'java.lang.Object java.lang.invoke.Invokers$Holder.linkToTargetMethod(java.lang.Object, long, java.lang.Object, java.lang.Object)'> (0x0000000085494740) 
thrown [t:\workspace\open\src\hotspot\share\interpreter\linkResolver.cpp, line 790]
Event: 3.102 Thread 0x00000220a05d5680 Exception <a 'java/lang/NoSuchMethodError'{0x00000000854dda88}: 'java.lang.Object java.lang.invoke.DirectMethodHandle$Holder.newInvokeSpecial(java.lang.Object, java.lang.Object, int, java.lang.Object)'> (0x00000000854dda88) 
thrown [t:\workspace\open\src\hotspot\share\interpreter\linkResolver.cpp, line 790]
Event: 3.102 Thread 0x00000220a05d5680 Exception <a 'java/lang/NoSuchMethodError'{0x00000000854e1738}: 'java.lang.Object java.lang.invoke.Invokers$Holder.linkToTargetMethod(java.lang.Object, int, java.lang.Object, java.lang.Object)'> (0x00000000854e1738) 
thrown [t:\workspace\open\src\hotspot\share\interpreter\linkResolver.cpp, line 790]
Event: 3.150 Thread 0x00000220a05d5680 Exception <a 'java/lang/NoSuchMethodError'{0x000000008b339f60}: 'java.lang.Object java.lang.invoke.DirectMethodHandle$Holder.invokeStatic(java.lang.Object, java.lang.Object, java.lang.Object, java.lang.Object, java.lang.Object, int, java.lang.Object)'> (0x000000008b339f60) 
thrown [t:\workspace\open\src\hotspot\share\interpreter\linkResolver.cpp, line 790]
Event: 3.150 Thread 0x00000220a05d5680 Exception <a 'java/lang/NoSuchMethodError'{0x000000008b343550}: 'java.lang.Object java.lang.invoke.DirectMethodHandle$Holder.newInvokeSpecial(java.lang.Object, java.lang.Object, java.lang.Object, java.lang.Object, java.lang.Object, int)'> (0x000000008b343550) 
thrown [t:\workspace\open\src\hotspot\share\interpreter\linkResolver.cpp, line 790]
Event: 3.151 Thread 0x00000220a05d5680 Exception <a 'java/lang/NoSuchMethodError'{0x000000008b35fad0}: 'java.lang.Object java.lang.invoke.Invokers$Holder.linkToTargetMethod(java.lang.Object, java.lang.Object, java.lang.Object, java.lang.Object, int, java.lang.Object)'> (0x000000008b35fad0) 
thrown [t:\workspace\open\src\hotspot\share\interpreter\linkResolver.cpp, line 790]
Event: 3.153 Thread 0x00000220c27dda80 Exception <a 'java/lang/NoSuchMethodError'{0x000000008b3cacb8}: 'java.lang.Object java.lang.invoke.DirectMethodHandle$Holder.invokeStaticInit(java.lang.Object, java.lang.Object, java.lang.Object, java.lang.Object)'> (0x000000008b3cacb8) 
thrown [t:\workspace\open\src\hotspot\share\interpreter\linkResolver.cpp, line 790]
Event: 3.178 Thread 0x00000220c27dfc30 Exception <a 'java/lang/NoSuchMethodError'{0x0000000088cf7280}: 'void java.lang.invoke.DirectMethodHandle$Holder.invokeVirtual(java.lang.Object, java.lang.Object, java.lang.Object, int, int, int, int, double)'> (0x0000000088cf7280) 
thrown [t:\workspace\open\src\hotspot\share\interpreter\linkResolver.cpp, line 790]
Event: 3.207 Thread 0x00000220c2954060 Exception <a 'java/lang/NoSuchMethodError'{0x00000000889810d8}: 'java.lang.Object java.lang.invoke.DirectMethodHandle$Holder.newInvokeSpecial(java.lang.Object, java.lang.Object, int, java.lang.Object, java.lang.Object, java.lang.Object)'> (0x00000000889810d8) 
thrown [t:\workspace\open\src\hotspot\share\interpreter\linkResolver.cpp, line 790]
Event: 3.207 Thread 0x00000220c2954060 Exception <a 'java/lang/NoSuchMethodError'{0x0000000088989220}: 'java.lang.Object java.lang.invoke.Invokers$Holder.linkToTargetMethod(java.lang.Object, int, java.lang.Object, java.lang.Object, java.lang.Object, java.lang.Object)'> (0x0000000088989220) 
thrown [t:\workspace\open\src\hotspot\share\interpreter\linkResolver.cpp, line 790]
Event: 3.211 Thread 0x00000220c27dda80 Exception <a 'java/lang/NoSuchMethodError'{0x00000000889a87b0}: 'java.lang.Object java.lang.invoke.DirectMethodHandle$Holder.newInvokeSpecial(java.lang.Object, java.lang.Object, java.lang.Object, java.lang.Object, int, java.lang.Object)'> (0x00000000889a87b0) 
thrown [t:\workspace\open\src\hotspot\share\interpreter\linkResolver.cpp, line 790]
Event: 3.211 Thread 0x00000220c27dda80 Exception <a 'java/lang/NoSuchMethodError'{0x00000000889acb58}: 'java.lang.Object java.lang.invoke.DirectMethodHandle$Holder.invokeSpecial(java.lang.Object, java.lang.Object, java.lang.Object, java.lang.Object, java.lang.Object, int, java.lang.Object)'> (0x00000000889acb58) 
thrown [t:\workspace\open\src\hotspot\share\interpreter\linkResolver.cpp, line 790]
Event: 3.211 Thread 0x00000220c27dda80 Exception <a 'java/lang/NoSuchMethodError'{0x00000000889b0368}: 'java.lang.Object java.lang.invoke.Invokers$Holder.linkToTargetMethod(java.lang.Object, java.lang.Object, java.lang.Object, int, java.lang.Object, java.lang.Object)'> (0x00000000889b0368) 
thrown [t:\workspace\open\src\hotspot\share\interpreter\linkResolver.cpp, line 790]
Event: 3.212 Thread 0x00000220c27dda80 Exception <a 'java/net/ConnectException'{0x00000000889b39b8}: Connection refused: no further information> (0x00000000889b39b8) 
thrown [t:\workspace\open\src\hotspot\share\prims\jni.cpp, line 600]

Events (20 events):
Event: 68.656 loading class javax/swing/JWindow done
Event: 68.656 loading class javax/swing/Popup$HeavyWeightWindow done
Event: 68.744 loading class java/awt/KeyboardFocusManager$2
Event: 68.744 loading class java/awt/KeyboardFocusManager$2 done
Event: 68.744 loading class sun/awt/SunToolkit$1
Event: 68.744 loading class sun/awt/SunToolkit$1 done
Event: 68.755 loading class java/awt/Window$1DisposeAction
Event: 68.755 loading class java/awt/Window$1DisposeAction done
Event: 68.755 loading class java/awt/EventQueue$1AWTInvocationLock
Event: 68.755 loading class java/awt/EventQueue$1AWTInvocationLock done
Event: 68.758 loading class java/awt/LightweightDispatcher$2
Event: 68.758 loading class java/awt/LightweightDispatcher$2 done
Event: 68.894 Executing  VM operation: Cleanup
Event: 68.894 Executing  VM operation: Cleanup done
Event: 69.896 Executing  VM operation: Cleanup
Event: 69.897 Executing  VM operation: Cleanup done
Event: 70.899 Executing  VM operation: Cleanup
Event: 70.899 Executing  VM operation: Cleanup done
Event: 71.199 loading class javax/swing/Autoscroller
Event: 71.199 loading class javax/swing/Autoscroller done


Dynamic libraries:
0x00007ff6cb8d0000 - 0x00007ff6cb8e0000 	C:\Program Files\Java\jdk-16\bin\java.exe
0x00007ffe47070000 - 0x00007ffe47265000 	C:\WINDOWS\SYSTEM32\ntdll.dll
0x00007ffe46f70000 - 0x00007ffe4702d000 	C:\WINDOWS\System32\KERNEL32.DLL
0x00007ffe448d0000 - 0x00007ffe44b99000 	C:\WINDOWS\System32\KERNELBASE.dll
0x00007ffe44dc0000 - 0x00007ffe44ec0000 	C:\WINDOWS\System32\ucrtbase.dll
0x00007ffe1d9a0000 - 0x00007ffe1d9b9000 	C:\Program Files\Java\jdk-16\bin\VCRUNTIME140.dll
0x00007ffe1d9c0000 - 0x00007ffe1d9d8000 	C:\Program Files\Java\jdk-16\bin\jli.dll
0x00007ffe46c40000 - 0x00007ffe46cec000 	C:\WINDOWS\System32\ADVAPI32.dll
0x00007ffe45f10000 - 0x00007ffe45fae000 	C:\WINDOWS\System32\msvcrt.dll
0x00007ffe45290000 - 0x00007ffe4532b000 	C:\WINDOWS\System32\sechost.dll
0x00007ffe46a00000 - 0x00007ffe46b2a000 	C:\WINDOWS\System32\RPCRT4.dll
0x00007ffe45940000 - 0x00007ffe45ae0000 	C:\WINDOWS\System32\USER32.dll
0x00007ffe44d90000 - 0x00007ffe44db2000 	C:\WINDOWS\System32\win32u.dll
0x00007ffe2e400000 - 0x00007ffe2e69a000 	C:\WINDOWS\WinSxS\amd64_microsoft.windows.common-controls_6595b64144ccf1df_6.0.19041.1110_none_60b5254171f9507e\COMCTL32.dll
0x00007ffe46cf0000 - 0x00007ffe46d1a000 	C:\WINDOWS\System32\GDI32.dll
0x00007ffe44ba0000 - 0x00007ffe44cab000 	C:\WINDOWS\System32\gdi32full.dll
0x00007ffe447a0000 - 0x00007ffe4483d000 	C:\WINDOWS\System32\msvcp_win.dll
0x00007ffe31d90000 - 0x00007ffe31d9a000 	C:\WINDOWS\SYSTEM32\VERSION.dll
0x00007ffe45910000 - 0x00007ffe45940000 	C:\WINDOWS\System32\IMM32.DLL
0x00007ffe22e20000 - 0x00007ffe22e2c000 	C:\Program Files\Java\jdk-16\bin\vcruntime140_1.dll
0x00007ffe1d900000 - 0x00007ffe1d991000 	C:\Program Files\Java\jdk-16\bin\msvcp140.dll
0x00007ffe1cc50000 - 0x00007ffe1d7fb000 	C:\Program Files\Java\jdk-16\bin\server\jvm.dll
0x00007ffe46830000 - 0x00007ffe46838000 	C:\WINDOWS\System32\PSAPI.DLL
0x00007ffe294e0000 - 0x00007ffe29507000 	C:\WINDOWS\SYSTEM32\WINMM.dll
0x00007ffe2ab70000 - 0x00007ffe2ab79000 	C:\WINDOWS\SYSTEM32\WSOCK32.dll
0x00007ffe46f00000 - 0x00007ffe46f6b000 	C:\WINDOWS\System32\WS2_32.dll
0x00007ffe426b0000 - 0x00007ffe426c2000 	C:\WINDOWS\SYSTEM32\kernel.appcore.dll
0x00007ffe1b2d0000 - 0x00007ffe1b2da000 	C:\Program Files\Java\jdk-16\bin\jimage.dll
0x00007ffe3e6e0000 - 0x00007ffe3e8c4000 	C:\WINDOWS\SYSTEM32\DBGHELP.DLL
0x00007ffe256e0000 - 0x00007ffe2570c000 	C:\WINDOWS\SYSTEM32\dbgcore.DLL
0x00007ffe44cb0000 - 0x00007ffe44d33000 	C:\WINDOWS\System32\bcryptPrimitives.dll
0x00007ffe1b150000 - 0x00007ffe1b175000 	C:\Program Files\Java\jdk-16\bin\java.dll
0x00007ffe45fb0000 - 0x00007ffe466ef000 	C:\WINDOWS\System32\SHELL32.dll
0x00007ffe428b0000 - 0x00007ffe43040000 	C:\WINDOWS\SYSTEM32\windows.storage.dll
0x00007ffe45bb0000 - 0x00007ffe45f05000 	C:\WINDOWS\System32\combase.dll
0x00007ffe44190000 - 0x00007ffe441bc000 	C:\WINDOWS\SYSTEM32\Wldp.dll
0x00007ffe46b90000 - 0x00007ffe46c3e000 	C:\WINDOWS\System32\SHCORE.dll
0x00007ffe46b30000 - 0x00007ffe46b85000 	C:\WINDOWS\System32\shlwapi.dll
0x00007ffe446e0000 - 0x00007ffe446ff000 	C:\WINDOWS\SYSTEM32\profapi.dll
0x00007ffe1a0d0000 - 0x00007ffe1a0e9000 	C:\Program Files\Java\jdk-16\bin\net.dll
0x00007ffe2e210000 - 0x00007ffe2e318000 	C:\WINDOWS\SYSTEM32\WINHTTP.dll
0x00007ffe43ef0000 - 0x00007ffe43f5a000 	C:\WINDOWS\system32\mswsock.dll
0x00007ffe1a030000 - 0x00007ffe1a043000 	C:\Program Files\Java\jdk-16\bin\nio.dll
0x00007ffe19f50000 - 0x00007ffe19f68000 	C:\Program Files\Java\jdk-16\bin\zip.dll
0x00007ffe19f40000 - 0x00007ffe19f50000 	C:\Program Files\Java\jdk-16\bin\verify.dll
0x00007ffe04fa0000 - 0x00007ffe05120000 	C:\Program Files\Java\jdk-16\bin\awt.dll
0x00007ffe45ae0000 - 0x00007ffe45bad000 	C:\WINDOWS\System32\OLEAUT32.dll
0x00007ffe3e3c0000 - 0x00007ffe3e450000 	C:\WINDOWS\SYSTEM32\apphelp.dll
0x00007ffe3e510000 - 0x00007ffe3e5ae000 	C:\WINDOWS\system32\uxtheme.dll
0x00007ffe46d20000 - 0x00007ffe46e35000 	C:\WINDOWS\System32\MSCTF.dll
0x00007ffe46700000 - 0x00007ffe4682a000 	C:\WINDOWS\System32\ole32.dll
0x00007ffe0d070000 - 0x00007ffe0d0f9000 	C:\Program Files\Java\jdk-16\bin\freetype.dll
0x00007ffe01370000 - 0x00007ffe01466000 	C:\Program Files\Java\jdk-16\bin\harfbuzz.dll
0x00007ffe3a5d0000 - 0x00007ffe3a5e2000 	C:\Program Files\Java\jdk-16\bin\fontmanager.dll
0x00007ffe423c0000 - 0x00007ffe423ef000 	C:\WINDOWS\system32\DWMAPI.DLL
0x00007ffe19ef0000 - 0x00007ffe19ef9000 	C:\Program Files\Java\jdk-16\bin\management.dll
0x00007ffe1a8d0000 - 0x00007ffe1a8db000 	C:\Program Files\Java\jdk-16\bin\management_ext.dll
0x00007ffe19f20000 - 0x00007ffe19f37000 	C:\WINDOWS\system32\napinsp.dll
0x00007ffe14b10000 - 0x00007ffe14b2b000 	C:\WINDOWS\system32\pnrpnsp.dll
0x00007ffe3bbb0000 - 0x00007ffe3bbc5000 	C:\WINDOWS\system32\wshbth.dll
0x00007ffe3c880000 - 0x00007ffe3c89d000 	C:\WINDOWS\system32\NLAapi.dll
0x00007ffe43be0000 - 0x00007ffe43c1b000 	C:\WINDOWS\SYSTEM32\IPHLPAPI.DLL
0x00007ffe43c20000 - 0x00007ffe43cec000 	C:\WINDOWS\SYSTEM32\DNSAPI.dll
0x00007ffe466f0000 - 0x00007ffe466f8000 	C:\WINDOWS\System32\NSI.dll
0x00007ffe14af0000 - 0x00007ffe14b02000 	C:\WINDOWS\System32\winrnr.dll
0x00007ffe386a0000 - 0x00007ffe386aa000 	C:\Windows\System32\rasadhlp.dll
0x00007ffe2d0a0000 - 0x00007ffe2d11f000 	C:\WINDOWS\System32\fwpuclnt.dll
0x00007ffe448a0000 - 0x00007ffe448c7000 	C:\WINDOWS\System32\bcrypt.dll
0x00007ffe1ae40000 - 0x00007ffe1af65000 	C:\WINDOWS\system32\opengl32.dll
0x00007ffe2eb90000 - 0x00007ffe2ebbc000 	C:\WINDOWS\SYSTEM32\GLU32.dll
0x00007ffe3b120000 - 0x00007ffe3b126000 	C:\Users\Lenovo\AppData\Local\Temp\flatlaf.temp\flatlaf-windows-x86_64-2551240762075000.dll
0x00007ffe3a5c0000 - 0x00007ffe3a5c7000 	C:\Program Files\Java\jdk-16\bin\jawt.dll
0x00007ffe457d0000 - 0x00007ffe45879000 	C:\WINDOWS\System32\clbcatq.dll
0x00007ffe396d0000 - 0x00007ffe39884000 	C:\WINDOWS\SYSTEM32\WindowsCodecs.dll
0x00007ffe2dfc0000 - 0x00007ffe2dffe000 	C:\WINDOWS\system32\dataexchange.dll
0x00007ffe3cc30000 - 0x00007ffe3ce94000 	C:\WINDOWS\system32\d3d11.dll
0x00007ffe3d8c0000 - 0x00007ffe3daa6000 	C:\WINDOWS\system32\dcomp.dll
0x00007ffe430a0000 - 0x00007ffe43194000 	C:\WINDOWS\system32\dxgi.dll
0x00007ffe39c60000 - 0x00007ffe39e61000 	C:\WINDOWS\system32\twinapi.appcore.dll
0x00007ffe38980000 - 0x00007ffe38997000 	C:\WINDOWS\SYSTEM32\dhcpcsvc6.DLL
0x00007ffe38a40000 - 0x00007ffe38a5d000 	C:\WINDOWS\SYSTEM32\dhcpcsvc.DLL
0x00007ffe0f9f0000 - 0x00007ffe0f9fe000 	C:\Program Files\Java\jdk-16\bin\sunmscapi.dll
0x00007ffe44ec0000 - 0x00007ffe4501f000 	C:\WINDOWS\System32\CRYPT32.dll
0x00007ffe44200000 - 0x00007ffe44227000 	C:\WINDOWS\SYSTEM32\ncrypt.dll
0x00007ffe441c0000 - 0x00007ffe441fb000 	C:\WINDOWS\SYSTEM32\NTASN1.dll
0x00007ffe0f9e0000 - 0x00007ffe0f9e7000 	C:\WINDOWS\system32\wshunix.dll
0x00007ffe440e0000 - 0x00007ffe440f8000 	C:\WINDOWS\SYSTEM32\CRYPTSP.dll
0x00007ffe43870000 - 0x00007ffe438a4000 	C:\WINDOWS\system32\rsaenh.dll
0x00007ffe446a0000 - 0x00007ffe446ce000 	C:\WINDOWS\SYSTEM32\USERENV.dll
0x00007ffe44100000 - 0x00007ffe4410c000 	C:\WINDOWS\SYSTEM32\CRYPTBASE.dll
0x00007ffe313d0000 - 0x00007ffe314c9000 	C:\WINDOWS\SYSTEM32\textinputframework.dll
0x00007ffe3dab0000 - 0x00007ffe3de0e000 	C:\WINDOWS\System32\CoreUIComponents.dll
0x00007ffe3e190000 - 0x00007ffe3e282000 	C:\WINDOWS\System32\CoreMessaging.dll
0x00007ffe434a0000 - 0x00007ffe434d3000 	C:\WINDOWS\SYSTEM32\ntmarta.dll
0x00007ffe3cad0000 - 0x00007ffe3cc24000 	C:\WINDOWS\SYSTEM32\wintypes.dll

dbghelp: loaded successfully - version: 4.0.5 - missing functions: none
symbol engine: initialized successfully - sym options: 0x614 - pdb path: .;C:\Program Files\Java\jdk-16\bin;C:\WINDOWS\SYSTEM32;C:\WINDOWS\WinSxS\amd64_microsoft.windows.common-controls_6595b64144ccf1df_6.0.19041.1110_none_60b5254171f9507e;C:\Program Files\Java\jdk-16\bin\server;C:\Users\Lenovo\AppData\Local\Temp\flatlaf.temp

VM Arguments:
java_command: com.inventory.CvInventoryApplication
java_class_path (initial): D:\CoreValue\GitHub\Inventory\cv-inventory\target\classes;C:\Users\Lenovo\.m2\repository\org\springframework\boot\spring-boot-starter\2.5.0\spring-boot-starter-2.5.0.jar;C:\Users\Lenovo\.m2\repository\org\springframework\boot\spring-boot\2.5.0\spring-boot-2.5.0.jar;C:\Users\Lenovo\.m2\repository\org\springframework\spring-context\5.3.7\spring-context-5.3.7.jar;C:\Users\Lenovo\.m2\repository\org\springframework\spring-aop\5.3.7\spring-aop-5.3.7.jar;C:\Users\Lenovo\.m2\repository\org\springframework\spring-expression\5.3.7\spring-expression-5.3.7.jar;C:\Users\Lenovo\.m2\repository\org\springframework\boot\spring-boot-autoconfigure\2.5.0\spring-boot-autoconfigure-2.5.0.jar;C:\Users\Lenovo\.m2\repository\org\springframework\boot\spring-boot-starter-logging\2.5.0\spring-boot-starter-logging-2.5.0.jar;C:\Users\Lenovo\.m2\repository\ch\qos\logback\logback-classic\1.2.3\logback-classic-1.2.3.jar;C:\Users\Lenovo\.m2\repository\ch\qos\logback\logback-core\1.2.3\logback-core-1.2.3.jar;C:\Users\Lenovo\.m2\repository\org\apache\logging\log4j\log4j-to-slf4j\2.14.1\log4j-to-slf4j-2.14.1.jar;C:\Users\Lenovo\.m2\repository\org\apache\logging\log4j\log4j-api\2.14.1\log4j-api-2.14.1.jar;C:\Users\Lenovo\.m2\repository\org\slf4j\jul-to-slf4j\1.7.30\jul-to-slf4j-1.7.30.jar;C:\Users\Lenovo\.m2\repository\jakarta\annotation\jakarta.annotation-api\1.3.5\jakarta.annotation-api-1.3.5.jar;C:\Users\Lenovo\.m2\repository\org\springframework\spring-core\5.3.7\spring-core-5.3.7.jar;C:\Users\Lenovo\.m2\repository\org\springframework\spring-jcl\5.3.7\spring-jcl-5.3.7.jar;C:\Users\Lenovo\.m2\repository\org\yaml\snakeyaml\1.28\snakeyaml-1.28.jar;C:\Users\Lenovo\.m2\repository\org\slf4j\slf4j-api\1.7.30\slf4j-api-1.7.30.jar;C:\Users\Lenovo\.m2\repository\org\projectlombok\lombok\1.18.20\lombok-1.18.20.jar;C:\Users\Lenovo\.m2\repository\org\springframework\boot\spring-boot-starter-webflux\2.5.0\spring-boot-starter-webflux-2.5.0.jar;C:\Users\Lenovo\.m2\repository\org\springfr
Launcher Type: SUN_STANDARD

[Global flags]
     intx CICompilerCount                          = 4                                         {product} {ergonomic}
     uint ConcGCThreads                            = 2                                         {product} {ergonomic}
     uint G1ConcRefinementThreads                  = 8                                         {product} {ergonomic}
   size_t G1HeapRegionSize                         = 1048576                                   {product} {ergonomic}
    uintx GCDrainStackTargetSize                   = 64                                        {product} {ergonomic}
   size_t InitialHeapSize                          = 132120576                                 {product} {ergonomic}
   size_t MarkStackSize                            = 4194304                                   {product} {ergonomic}
   size_t MaxHeapSize                              = 2090860544                                {product} {ergonomic}
   size_t MaxNewSize                               = 1254096896                                {product} {ergonomic}
   size_t MinHeapDeltaBytes                        = 1048576                                   {product} {ergonomic}
   size_t MinHeapSize                              = 8388608                                   {product} {ergonomic}
    uintx NonNMethodCodeHeapSize                   = 5839372                                {pd product} {ergonomic}
    uintx NonProfiledCodeHeapSize                  = 122909434                              {pd product} {ergonomic}
    uintx ProfiledCodeHeapSize                     = 122909434                              {pd product} {ergonomic}
    uintx ReservedCodeCacheSize                    = 251658240                              {pd product} {ergonomic}
     bool SegmentedCodeCache                       = true                                      {product} {ergonomic}
   size_t SoftMaxHeapSize                          = 2090860544                             {manageable} {ergonomic}
     bool UseCompressedClassPointers               = true                           {product lp64_product} {ergonomic}
     bool UseCompressedOops                        = true                           {product lp64_product} {ergonomic}
     bool UseG1GC                                  = true                                      {product} {ergonomic}
     bool UseLargePagesIndividualAllocation        = false                                  {pd product} {ergonomic}

Logging:
Log output configuration:
 #0: stdout all=warning uptime,level,tags
 #1: stderr all=off uptime,level,tags

Environment Variables:
JAVA_HOME=C:\Program Files\Java\jdk-16
PATH=C:\Program Files\Common Files\Oracle\Java\javapath;C:\Program Files (x86)\Common Files\Oracle\Java\javapath;C:\ProgramData\Oracle\Java\javapath;C:\WINDOWS\system32;C:\WINDOWS;C:\WINDOWS\System32\Wbem;C:\WINDOWS\System32\WindowsPowerShell\v1.0\;C:\WINDOWS\System32\OpenSSH\;C:\Program Files\MariaDB 10.4\bin;C:\Program Files\Intel\WiFi\bin\;C:\Program Files\Common Files\Intel\WirelessCommon\;C:\Program Files\MongoDB\Server\4.2\bin;C:\Program Files\apache-maven-3.6.3\bin;D:\Python\opencv\build\x64\vc15;C:\Program Files\Java\jdk-13.0.2\bin;C:\Program Files\nodejs\;C:\Program Files\Git\cmd;C:\Users\Lenovo\AppData\Local\Programs\Python\Python37\Scripts\;C:\Users\Lenovo\AppData\Local\Programs\Python\Python37\;C:\Users\Lenovo\AppData\Local\Microsoft\WindowsApps;C:\Users\Lenovo\AppData\Local\Programs\Microsoft VS Code\bin;D:\Flutter\FlutterSDK\flutter\bin;C:\Program Files\MariaDB 10.5\bin;C:\Users\Lenovo\AppData\Roaming\npm
USERNAME=Lenovo
OS=Windows_NT
PROCESSOR_IDENTIFIER=Intel64 Family 6 Model 142 Stepping 12, GenuineIntel



---------------  S Y S T E M  ---------------

OS:
 Windows 10 , 64 bit Build 19041 (10.0.19041.1151)
OS uptime: 2 days 22:53 hours

CPU: total 8 (initial active 8) (4 cores per cpu, 2 threads per core) family 6 model 142 stepping 12 microcode 0xde, cx8, cmov, fxsr, ht, mmx, 3dnowpref, sse, sse2, sse3, ssse3, sse4.1, sse4.2, popcnt, lzcnt, tsc, tscinvbit, avx, avx2, aes, erms, clmul, bmi1, bmi2, adx, fma, vzeroupper, clflush, clflushopt

Memory: 4k page, system-wide physical 7973M (1080M free)
TotalPageFile size 13605M (AvailPageFile size 2541M)
current process WorkingSet (physical memory assigned to process): 168M, peak: 198M
current process commit charge ("private bytes"): 200M, peak: 275M

vm_info: Java HotSpot(TM) 64-Bit Server VM (16+36-2231) for windows-amd64 JRE (16+36-2231), built on Feb  8 2021 11:43:10 by "mach5one" with MS VC++ 16.7 (VS2019)

END.
